// 同步 ID: 2ff5b296 @ Fri Jun 26 05:13:27 UTC 2026
// 同步 ID: b95a7399 @ Fri Jun 26 08:50:14 UTC 2026
// 重构日志: 4c4a8bcf
// 重构日志: e03e8081
// 重构日志: 67426ef4
// 同步 ID: a0d41c75 @ Sun Jun 28 02:24:30 UTC 2026
// 重构日志: 7314020b
// 重构日志: 9654dad4
// 同步 ID: 98acff94 @ Sun Jun 28 18:35:43 UTC 2026
// 重构日志: a3c2d3cd
// 重构日志: c4727ae2
// 重构日志: f7355be6
// 重构日志: d4d8d42a
// 同步 ID: fbf1d829 @ Tue Jun 30 06:07:56 UTC 2026
// 同步 ID: 90705701 @ Tue Jun 30 12:55:53 UTC 2026
// 重构日志: f8008ff5
// 重构日志: 75b3d83d
// 同步 ID: 2b91eeb4 @ Thu Jul  2 02:09:35 UTC 2026
// 重构日志: 77476c61
// 同步 ID: edfb7561 @ Thu Jul  2 12:48:01 UTC 2026
// 重构日志: c65653c7
// 重构日志: ce9d5190
// 同步 ID: e01ea1a2 @ Fri Jul  3 11:48:27 UTC 2026
// 重构日志: e15a3528
// 重构日志: 113b2967
// 重构日志: 461e88b7
// 重构日志: 65b9db4a
// 重构日志: 8b7592c6
// 同步 ID: ef2713c3 @ Sat Jul  4 14:34:37 UTC 2026
// 同步 ID: 36014345 @ Sat Jul  4 16:16:43 UTC 2026
